<?xml version="1.0" encoding="UTF-8"?>
<!-- Generated by org.testng.reporters.JUnitReportReporter -->
<testsuite hostname="VDC1ODCD200101" failures="0" tests="1" name="TestCases.Login_TC" time="2.954" errors="0" timestamp="2023-08-29T21:17:12 IST" skipped="0">
  <testcase classname="TestCases.Login_TC" name="loginTestCase" time="2.954"/>
</testsuite> <!-- TestCases.Login_TC -->
